<?xml version="1.0" encoding="UTF-8"?>
<testng-results skipped="0" failed="1" ignored="0" total="1" passed="0">
  <reporter-output>
    <line>
      <![CDATA[video display on first page when user open link in fresh tab ]]>
    </line>
    <line>
      <![CDATA[=====================================================================]]>
    </line>
    <line>
      <![CDATA[Numbers of Products in Pets category=91]]>
    </line>
    <line>
      <![CDATA[=====================================================================]]>
    </line>
  </reporter-output>
  <suite name="Default suite" duration-ms="72171" started-at="2017-09-08T11:35:44Z" finished-at="2017-09-08T11:36:56Z">
    <groups>
    </groups>
    <test name="Default test" duration-ms="72171" started-at="2017-09-08T11:35:44Z" finished-at="2017-09-08T11:36:56Z">
      <class name="org.jclub.product.verification.product_page_verifcation_pate_category">
        <test-method status="FAIL" signature="productdetailvarification()[pri:0, instance:org.jclub.product.verification.product_page_verifcation_pate_category@544fe44c]" name="productdetailvarification" duration-ms="72154" started-at="2017-09-08T17:05:44Z" finished-at="2017-09-08T17:06:56Z">
          <exception class="java.lang.AssertionError">
            <message>
              <![CDATA[The following asserts failed:
	expected [true] but found [false]]]>
            </message>
            <full-stacktrace>
              <![CDATA[java.lang.AssertionError: The following asserts failed:
	expected [true] but found [false]
	at org.testng.asserts.SoftAssert.assertAll(SoftAssert.java:43)
	at org.jclub.product.verification.product_page_verifcation_pate_category.product_attribute_verifiction(product_page_verifcation_pate_category.java:197)
	at org.jclub.product.verification.product_page_verifcation_pate_category.productdetailvarification(product_page_verifcation_pate_category.java:70)
	at sun.reflect.NativeMethodAccessorImpl.invoke0(Native Method)
	at sun.reflect.NativeMethodAccessorImpl.invoke(NativeMethodAccessorImpl.java:62)
	at sun.reflect.DelegatingMethodAccessorImpl.invoke(DelegatingMethodAccessorImpl.java:43)
	at java.lang.reflect.Method.invoke(Method.java:498)
	at org.testng.internal.MethodInvocationHelper.invokeMethod(MethodInvocationHelper.java:108)
	at org.testng.internal.Invoker.invokeMethod(Invoker.java:661)
	at org.testng.internal.Invoker.invokeTestMethod(Invoker.java:869)
	at org.testng.internal.Invoker.invokeTestMethods(Invoker.java:1193)
	at org.testng.internal.TestMethodWorker.invokeTestMethods(TestMethodWorker.java:126)
	at org.testng.internal.TestMethodWorker.run(TestMethodWorker.java:109)
	at org.testng.TestRunner.privateRun(TestRunner.java:744)
	at org.testng.TestRunner.run(TestRunner.java:602)
	at org.testng.SuiteRunner.runTest(SuiteRunner.java:380)
	at org.testng.SuiteRunner.runSequentially(SuiteRunner.java:375)
	at org.testng.SuiteRunner.privateRun(SuiteRunner.java:340)
	at org.testng.SuiteRunner.run(SuiteRunner.java:289)
	at org.testng.SuiteRunnerWorker.runSuite(SuiteRunnerWorker.java:52)
	at org.testng.SuiteRunnerWorker.run(SuiteRunnerWorker.java:86)
	at org.testng.TestNG.runSuitesSequentially(TestNG.java:1301)
	at org.testng.TestNG.runSuitesLocally(TestNG.java:1226)
	at org.testng.TestNG.runSuites(TestNG.java:1144)
	at org.testng.TestNG.run(TestNG.java:1115)
	at org.testng.remote.AbstractRemoteTestNG.run(AbstractRemoteTestNG.java:114)
	at org.testng.remote.RemoteTestNG.initAndRun(RemoteTestNG.java:251)
	at org.testng.remote.RemoteTestNG.main(RemoteTestNG.java:77)
]]>
            </full-stacktrace>
          </exception> <!-- java.lang.AssertionError -->
          <reporter-output>
            <line>
              <![CDATA[video display on first page when user open link in fresh tab ]]>
            </line>
            <line>
              <![CDATA[=====================================================================]]>
            </line>
            <line>
              <![CDATA[Numbers of Products in Pets category=91]]>
            </line>
            <line>
              <![CDATA[=====================================================================]]>
            </line>
          </reporter-output>
        </test-method> <!-- productdetailvarification -->
      </class> <!-- org.jclub.product.verification.product_page_verifcation_pate_category -->
    </test> <!-- Default test -->
  </suite> <!-- Default suite -->
</testng-results>
